

Microchip Technology PIC LITE Macro Assembler V1.44 build -154322312 
                                                                                               Mon Jan 17 20:12:27 2022

Microchip Technology Omniscient Code Generator v1.44 (Free mode) build 201709140600
     1                           	processor	16LF628A
     2                           	opt	pw 120
     3                           	opt	lm
     4                           	psect	cinit,global,class=CODE,merge=1,delta=2
     5                           	psect	cstackCOMMON,global,class=COMMON,space=1,delta=1
     6                           	psect	maintext,global,class=CODE,split=1,delta=2
     7                           	psect	text1,local,class=CODE,merge=1,delta=2
     8                           	psect	text2,local,class=CODE,merge=1,delta=2
     9                           	psect	text3,local,class=CODE,merge=1,delta=2
    10                           	dabs	1,0x7E,2
    11  0000                     
    12                           ; Version 1.44
    13                           ; Generated 14/09/2017 GMT
    14                           ; 
    15                           ; Copyright © 2017, Microchip Technology Inc. and its subsidiaries ("Microchip")
    16                           ; All rights reserved.
    17                           ; 
    18                           ; This software is developed by Microchip Technology Inc. and its subsidiaries ("Microch
      +                          ip").
    19                           ; 
    20                           ; Redistribution and use in source and binary forms, with or without modification, are
    21                           ; permitted provided that the following conditions are met:
    22                           ; 
    23                           ;     1. Redistributions of source code must retain the above copyright notice, this lis
      +                          t of
    24                           ;        conditions and the following disclaimer.
    25                           ; 
    26                           ;     2. Redistributions in binary form must reproduce the above copyright notice, this 
      +                          list
    27                           ;        of conditions and the following disclaimer in the documentation and/or other
    28                           ;        materials provided with the distribution.
    29                           ; 
    30                           ;     3. Microchip's name may not be used to endorse or promote products derived from th
      +                          is
    31                           ;        software without specific prior written permission.
    32                           ; 
    33                           ; THIS SOFTWARE IS PROVIDED BY MICROCHIP "AS IS" AND ANY EXPRESS OR IMPLIED WARRANTIES,
    34                           ; INCLUDING, BUT NOT LIMITED TO, THE IMPLIED WARRANTIES OF MERCHANTABILITY AND FITNESS F
      +                          OR
    35                           ; PURPOSE ARE DISCLAIMED.  IN NO EVENT SHALL MICROCHIP BE LIABLE FOR ANY DIRECT, INDIREC
      +                          T,
    36                           ; INCIDENTAL, SPECIAL, EXEMPLARY, OR CONSEQUENTIAL DAMAGES (INCLUDING BUT NOT LIMITED TO
    37                           ; PROCUREMENT OF SUBSTITUTE GOODS OR SERVICES; LOSS OF USE, DATA OR PROFITS; OR BUSINESS
    38                           ; INTERRUPTION) HOWSOEVER CAUSED AND ON ANY THEORY OF LIABILITY, WHETHER IN CONTRACT, ST
      +                          RICT
    39                           ; LIABILITY, OR TORT (INCLUDING NEGLIGENCE OR OTHERWISE) ARISING IN ANY WAY OUT OF THE U
      +                          SE OF
    40                           ; THIS SOFTWARE, EVEN IF ADVISED OF THE POSSIBILITY OF SUCH DAMAGE.
    41                           ; 
    42                           ; 
    43                           ; Code-generator required, PIC16LF628A Definitions
    44                           ; 
    45                           ; SFR Addresses
    46  0000                     	;# 
    47  0001                     	;# 
    48  0002                     	;# 
    49  0003                     	;# 
    50  0004                     	;# 
    51  0005                     	;# 
    52  0006                     	;# 
    53  000A                     	;# 
    54  000B                     	;# 
    55  000C                     	;# 
    56  000E                     	;# 
    57  000E                     	;# 
    58  000F                     	;# 
    59  0010                     	;# 
    60  0011                     	;# 
    61  0012                     	;# 
    62  0015                     	;# 
    63  0015                     	;# 
    64  0016                     	;# 
    65  0017                     	;# 
    66  0018                     	;# 
    67  0019                     	;# 
    68  001A                     	;# 
    69  001F                     	;# 
    70  0081                     	;# 
    71  0085                     	;# 
    72  0086                     	;# 
    73  008C                     	;# 
    74  008E                     	;# 
    75  0092                     	;# 
    76  0098                     	;# 
    77  0099                     	;# 
    78  009A                     	;# 
    79  009B                     	;# 
    80  009C                     	;# 
    81  009D                     	;# 
    82  009F                     	;# 
    83  0000                     	;# 
    84  0001                     	;# 
    85  0002                     	;# 
    86  0003                     	;# 
    87  0004                     	;# 
    88  0005                     	;# 
    89  0006                     	;# 
    90  000A                     	;# 
    91  000B                     	;# 
    92  000C                     	;# 
    93  000E                     	;# 
    94  000E                     	;# 
    95  000F                     	;# 
    96  0010                     	;# 
    97  0011                     	;# 
    98  0012                     	;# 
    99  0015                     	;# 
   100  0015                     	;# 
   101  0016                     	;# 
   102  0017                     	;# 
   103  0018                     	;# 
   104  0019                     	;# 
   105  001A                     	;# 
   106  001F                     	;# 
   107  0081                     	;# 
   108  0085                     	;# 
   109  0086                     	;# 
   110  008C                     	;# 
   111  008E                     	;# 
   112  0092                     	;# 
   113  0098                     	;# 
   114  0099                     	;# 
   115  009A                     	;# 
   116  009B                     	;# 
   117  009C                     	;# 
   118  009D                     	;# 
   119  009F                     	;# 
   120  0005                     _PORTAbits	set	5
   121  0006                     _PORTBbits	set	6
   122  001F                     _CMCONbits	set	31
   123  0085                     _TRISA	set	133
   124  0086                     _TRISBbits	set	134
   125                           
   126                           ; #config settings
   127  0000                     
   128                           	psect	cinit
   129  07FE                     start_initialization:	
   130  07FE                     __initialization:	
   131  07FE                     end_of_initialization:	
   132                           ;End of C runtime variable initialization code
   133                           
   134  07FE                     __end_of__initialization:	
   135  07FE  0183               	clrf	3
   136  07FF  2F3A               	ljmp	_main	;jump to C main() function
   137                           
   138                           	psect	cstackCOMMON
   139  0070                     __pcstackCOMMON:	
   140  0070                     ?_running_leds_forward:	
   141  0070                     ??_running_leds_forward:	
   142                           ; 1 bytes @ 0x0
   143                           
   144  0070                     ?_blinking_leds:	
   145                           ; 1 bytes @ 0x0
   146                           
   147  0070                     ??_blinking_leds:	
   148                           ; 1 bytes @ 0x0
   149                           
   150  0070                     ?_main:	
   151                           ; 1 bytes @ 0x0
   152                           
   153  0070                     ?_button_pressed:	
   154                           ; 1 bytes @ 0x0
   155                           
   156                           
   157                           ; 2 bytes @ 0x0
   158  0070                     	ds	2
   159  0072                     ??_button_pressed:	
   160                           
   161                           ; 1 bytes @ 0x2
   162  0072                     	ds	1
   163  0073                     ??_main:	
   164  0073                     main@blink:	
   165                           ; 1 bytes @ 0x3
   166                           
   167                           
   168                           ; 2 bytes @ 0x3
   169  0073                     	ds	2
   170                           
   171                           	psect	maintext
   172  073A                     __pmaintext:	
   173 ;;
   174 ;;Main: autosize = 0, tempsize = 0, incstack = 0, save=0
   175 ;;
   176 ;; *************** function _main *****************
   177 ;; Defined at:
   178 ;;		line 30 in file "newmain.c"
   179 ;; Parameters:    Size  Location     Type
   180 ;;		None
   181 ;; Auto vars:     Size  Location     Type
   182 ;;  blink           2    3[COMMON] int 
   183 ;; Return value:  Size  Location     Type
   184 ;;                  1    wreg      void 
   185 ;; Registers used:
   186 ;;		wreg, status,2, status,0, pclath, cstack
   187 ;; Tracked objects:
   188 ;;		On entry : B00/0
   189 ;;		On exit  : 0/0
   190 ;;		Unchanged: 0/0
   191 ;; Data sizes:     COMMON   BANK0   BANK1   BANK2
   192 ;;      Params:         0       0       0       0
   193 ;;      Locals:         2       0       0       0
   194 ;;      Temps:          0       0       0       0
   195 ;;      Totals:         2       0       0       0
   196 ;;Total ram usage:        2 bytes
   197 ;; Hardware stack levels required when called:    1
   198 ;; This function calls:
   199 ;;		_blinking_leds
   200 ;;		_button_pressed
   201 ;;		_running_leds_forward
   202 ;; This function is called by:
   203 ;;		Startup code after reset
   204 ;; This function uses a non-reentrant model
   205 ;;
   206                           
   207                           
   208                           ;psect for function _main
   209  073A                     _main:	
   210                           
   211                           ;newmain.c: 31: int blink=0;
   212                           
   213                           ;incstack = 0
   214                           ; Regs used in _main: [wreg+status,2+status,0+pclath+cstack]
   215  073A  01F3               	clrf	main@blink
   216  073B  01F4               	clrf	main@blink+1
   217                           
   218                           ;newmain.c: 32: CMCONbits.CM = 0b111;
   219  073C  3007               	movlw	7
   220  073D  1283               	bcf	3,5	;RP0=0, select bank0
   221  073E  1303               	bcf	3,6	;RP1=0, select bank0
   222  073F  049F               	iorwf	31,f	;volatile
   223                           
   224                           ;newmain.c: 33: TRISBbits.TRISB0 = 0;
   225  0740  1683               	bsf	3,5	;RP0=1, select bank1
   226  0741  1303               	bcf	3,6	;RP1=0, select bank1
   227  0742  1006               	bcf	6,0	;volatile
   228                           
   229                           ;newmain.c: 34: TRISBbits.TRISB1 = 0;
   230  0743  1086               	bcf	6,1	;volatile
   231                           
   232                           ;newmain.c: 35: TRISBbits.TRISB2 = 0;
   233  0744  1106               	bcf	6,2	;volatile
   234                           
   235                           ;newmain.c: 36: TRISBbits.TRISB3 = 0;
   236  0745  1186               	bcf	6,3	;volatile
   237                           
   238                           ;newmain.c: 37: TRISBbits.TRISB4 = 0;
   239  0746  1206               	bcf	6,4	;volatile
   240                           
   241                           ;newmain.c: 38: TRISBbits.TRISB5 = 0;
   242  0747  1286               	bcf	6,5	;volatile
   243                           
   244                           ;newmain.c: 39: TRISA=0x1F;
   245  0748  301F               	movlw	31
   246  0749  0085               	movwf	5	;volatile
   247  074A                     l620:	
   248                           ;newmain.c: 41: while(1)
   249                           
   250                           
   251                           ;newmain.c: 42: {
   252                           ;newmain.c: 45: if (button_pressed()){
   253  074A  272E               	fcall	_button_pressed
   254  074B  0870               	movf	?_button_pressed,w
   255  074C  0471               	iorwf	?_button_pressed+1,w
   256  074D  1903               	btfsc	3,2
   257  074E  2F53               	goto	l624
   258                           
   259                           ;newmain.c: 46: blink=1;
   260  074F  3001               	movlw	1
   261  0750  00F3               	movwf	main@blink
   262  0751  3000               	movlw	0
   263  0752  00F4               	movwf	main@blink+1
   264  0753                     l624:	
   265                           
   266                           ;newmain.c: 47: }
   267                           ;newmain.c: 50: if(blink!=0)
   268  0753  0873               	movf	main@blink,w
   269  0754  0474               	iorwf	main@blink+1,w
   270  0755  1903               	btfsc	3,2
   271  0756  2F59               	goto	l628
   272                           
   273                           ;newmain.c: 51: {
   274                           ;newmain.c: 52: running_leds_forward();
   275  0757  2797               	fcall	_running_leds_forward
   276                           
   277                           ;newmain.c: 53: }
   278  0758  2F4A               	goto	l620
   279  0759                     l628:	
   280                           
   281                           ;newmain.c: 54: else {
   282                           ;newmain.c: 55: blinking_leds();
   283  0759  275B               	fcall	_blinking_leds
   284  075A  2F4A               	goto	l620
   285  075B                     __end_of_main:	
   286                           ;newmain.c: 56: }
   287                           ;newmain.c: 57: }
   288                           ;newmain.c: 60: return;
   289                           
   290                           
   291                           	psect	text1
   292  0797                     __ptext1:	
   293 ;; *************** function _running_leds_forward *****************
   294 ;; Defined at:
   295 ;;		line 6 in file "led_functions.c"
   296 ;; Parameters:    Size  Location     Type
   297 ;;		None
   298 ;; Auto vars:     Size  Location     Type
   299 ;;		None
   300 ;; Return value:  Size  Location     Type
   301 ;;                  1    wreg      void 
   302 ;; Registers used:
   303 ;;		wreg
   304 ;; Tracked objects:
   305 ;;		On entry : 0/0
   306 ;;		On exit  : 0/0
   307 ;;		Unchanged: 0/0
   308 ;; Data sizes:     COMMON   BANK0   BANK1   BANK2
   309 ;;      Params:         0       0       0       0
   310 ;;      Locals:         0       0       0       0
   311 ;;      Temps:          3       0       0       0
   312 ;;      Totals:         3       0       0       0
   313 ;;Total ram usage:        3 bytes
   314 ;; Hardware stack levels used:    1
   315 ;; This function calls:
   316 ;;		Nothing
   317 ;; This function is called by:
   318 ;;		_main
   319 ;; This function uses a non-reentrant model
   320 ;;
   321                           
   322                           
   323                           ;psect for function _running_leds_forward
   324  0797                     _running_leds_forward:	
   325                           
   326                           ;led_functions.c: 8: PORTBbits.RB0=1;
   327                           
   328                           ;incstack = 0
   329                           ; Regs used in _running_leds_forward: [wreg]
   330  0797  1283               	bcf	3,5	;RP0=0, select bank0
   331  0798  1303               	bcf	3,6	;RP1=0, select bank0
   332  0799  1406               	bsf	6,0	;volatile
   333                           
   334                           ;led_functions.c: 9: PORTBbits.RB5=0;
   335  079A  1286               	bcf	6,5	;volatile
   336                           
   337                           ;led_functions.c: 10: _delay((unsigned long)((1000)*(4000000/4000.0)));
   338  079B  3006               	movlw	6
   339  079C  00F2               	movwf	??_running_leds_forward+2
   340  079D  3013               	movlw	19
   341  079E  00F1               	movwf	??_running_leds_forward+1
   342  079F  30AD               	movlw	173
   343  07A0  00F0               	movwf	??_running_leds_forward
   344  07A1                     u77:	
   345  07A1  0BF0               	decfsz	??_running_leds_forward,f
   346  07A2  2FA1               	goto	u77
   347  07A3  0BF1               	decfsz	??_running_leds_forward+1,f
   348  07A4  2FA1               	goto	u77
   349  07A5  0BF2               	decfsz	??_running_leds_forward+2,f
   350  07A6  2FA1               	goto	u77
   351  07A7  2FA8               	nop2
   352                           
   353                           ;led_functions.c: 11: PORTBbits.RB1=1;
   354  07A8  1283               	bcf	3,5	;RP0=0, select bank0
   355  07A9  1303               	bcf	3,6	;RP1=0, select bank0
   356  07AA  1486               	bsf	6,1	;volatile
   357                           
   358                           ;led_functions.c: 12: PORTBbits.RB0=0;
   359  07AB  1006               	bcf	6,0	;volatile
   360                           
   361                           ;led_functions.c: 14: _delay((unsigned long)((1000)*(4000000/4000.0)));
   362  07AC  3006               	movlw	6
   363  07AD  00F2               	movwf	??_running_leds_forward+2
   364  07AE  3013               	movlw	19
   365  07AF  00F1               	movwf	??_running_leds_forward+1
   366  07B0  30AD               	movlw	173
   367  07B1  00F0               	movwf	??_running_leds_forward
   368  07B2                     u87:	
   369  07B2  0BF0               	decfsz	??_running_leds_forward,f
   370  07B3  2FB2               	goto	u87
   371  07B4  0BF1               	decfsz	??_running_leds_forward+1,f
   372  07B5  2FB2               	goto	u87
   373  07B6  0BF2               	decfsz	??_running_leds_forward+2,f
   374  07B7  2FB2               	goto	u87
   375  07B8  2FB9               	nop2
   376                           
   377                           ;led_functions.c: 15: PORTBbits.RB2=1;
   378  07B9  1283               	bcf	3,5	;RP0=0, select bank0
   379  07BA  1303               	bcf	3,6	;RP1=0, select bank0
   380  07BB  1506               	bsf	6,2	;volatile
   381                           
   382                           ;led_functions.c: 16: PORTBbits.RB1=0;
   383  07BC  1086               	bcf	6,1	;volatile
   384                           
   385                           ;led_functions.c: 17: _delay((unsigned long)((1000)*(4000000/4000.0)));
   386  07BD  3006               	movlw	6
   387  07BE  00F2               	movwf	??_running_leds_forward+2
   388  07BF  3013               	movlw	19
   389  07C0  00F1               	movwf	??_running_leds_forward+1
   390  07C1  30AD               	movlw	173
   391  07C2  00F0               	movwf	??_running_leds_forward
   392  07C3                     u97:	
   393  07C3  0BF0               	decfsz	??_running_leds_forward,f
   394  07C4  2FC3               	goto	u97
   395  07C5  0BF1               	decfsz	??_running_leds_forward+1,f
   396  07C6  2FC3               	goto	u97
   397  07C7  0BF2               	decfsz	??_running_leds_forward+2,f
   398  07C8  2FC3               	goto	u97
   399  07C9  2FCA               	nop2
   400                           
   401                           ;led_functions.c: 18: PORTBbits.RB2=0;
   402  07CA  1283               	bcf	3,5	;RP0=0, select bank0
   403  07CB  1303               	bcf	3,6	;RP1=0, select bank0
   404  07CC  1106               	bcf	6,2	;volatile
   405                           
   406                           ;led_functions.c: 19: PORTBbits.RB3=1;
   407  07CD  1586               	bsf	6,3	;volatile
   408                           
   409                           ;led_functions.c: 20: _delay((unsigned long)((1000)*(4000000/4000.0)));
   410  07CE  3006               	movlw	6
   411  07CF  00F2               	movwf	??_running_leds_forward+2
   412  07D0  3013               	movlw	19
   413  07D1  00F1               	movwf	??_running_leds_forward+1
   414  07D2  30AD               	movlw	173
   415  07D3  00F0               	movwf	??_running_leds_forward
   416  07D4                     u107:	
   417  07D4  0BF0               	decfsz	??_running_leds_forward,f
   418  07D5  2FD4               	goto	u107
   419  07D6  0BF1               	decfsz	??_running_leds_forward+1,f
   420  07D7  2FD4               	goto	u107
   421  07D8  0BF2               	decfsz	??_running_leds_forward+2,f
   422  07D9  2FD4               	goto	u107
   423  07DA  2FDB               	nop2
   424                           
   425                           ;led_functions.c: 21: PORTBbits.RB3=0;
   426  07DB  1283               	bcf	3,5	;RP0=0, select bank0
   427  07DC  1303               	bcf	3,6	;RP1=0, select bank0
   428  07DD  1186               	bcf	6,3	;volatile
   429                           
   430                           ;led_functions.c: 22: PORTBbits.RB4=1;
   431  07DE  1606               	bsf	6,4	;volatile
   432                           
   433                           ;led_functions.c: 23: _delay((unsigned long)((1000)*(4000000/4000.0)));
   434  07DF  3006               	movlw	6
   435  07E0  00F2               	movwf	??_running_leds_forward+2
   436  07E1  3013               	movlw	19
   437  07E2  00F1               	movwf	??_running_leds_forward+1
   438  07E3  30AD               	movlw	173
   439  07E4  00F0               	movwf	??_running_leds_forward
   440  07E5                     u117:	
   441  07E5  0BF0               	decfsz	??_running_leds_forward,f
   442  07E6  2FE5               	goto	u117
   443  07E7  0BF1               	decfsz	??_running_leds_forward+1,f
   444  07E8  2FE5               	goto	u117
   445  07E9  0BF2               	decfsz	??_running_leds_forward+2,f
   446  07EA  2FE5               	goto	u117
   447  07EB  2FEC               	nop2
   448                           
   449                           ;led_functions.c: 24: PORTBbits.RB4=0;
   450  07EC  1283               	bcf	3,5	;RP0=0, select bank0
   451  07ED  1303               	bcf	3,6	;RP1=0, select bank0
   452  07EE  1206               	bcf	6,4	;volatile
   453                           
   454                           ;led_functions.c: 25: PORTBbits.RB5=1;
   455  07EF  1686               	bsf	6,5	;volatile
   456                           
   457                           ;led_functions.c: 26: _delay((unsigned long)((1000)*(4000000/4000.0)));
   458  07F0  3006               	movlw	6
   459  07F1  00F2               	movwf	??_running_leds_forward+2
   460  07F2  3013               	movlw	19
   461  07F3  00F1               	movwf	??_running_leds_forward+1
   462  07F4  30AD               	movlw	173
   463  07F5  00F0               	movwf	??_running_leds_forward
   464  07F6                     u127:	
   465  07F6  0BF0               	decfsz	??_running_leds_forward,f
   466  07F7  2FF6               	goto	u127
   467  07F8  0BF1               	decfsz	??_running_leds_forward+1,f
   468  07F9  2FF6               	goto	u127
   469  07FA  0BF2               	decfsz	??_running_leds_forward+2,f
   470  07FB  2FF6               	goto	u127
   471  07FC  2FFD               	nop2
   472  07FD  0008               	return
   473  07FE                     __end_of_running_leds_forward:	
   474                           ;led_functions.c: 27: return;
   475                           
   476                           
   477                           	psect	text2
   478  072E                     __ptext2:	
   479 ;; *************** function _button_pressed *****************
   480 ;; Defined at:
   481 ;;		line 53 in file "led_functions.c"
   482 ;; Parameters:    Size  Location     Type
   483 ;;		None
   484 ;; Auto vars:     Size  Location     Type
   485 ;;		None
   486 ;; Return value:  Size  Location     Type
   487 ;;                  2    0[COMMON] int 
   488 ;; Registers used:
   489 ;;		wreg, status,2
   490 ;; Tracked objects:
   491 ;;		On entry : 0/0
   492 ;;		On exit  : 0/0
   493 ;;		Unchanged: 0/0
   494 ;; Data sizes:     COMMON   BANK0   BANK1   BANK2
   495 ;;      Params:         2       0       0       0
   496 ;;      Locals:         0       0       0       0
   497 ;;      Temps:          0       0       0       0
   498 ;;      Totals:         2       0       0       0
   499 ;;Total ram usage:        2 bytes
   500 ;; Hardware stack levels used:    1
   501 ;; This function calls:
   502 ;;		Nothing
   503 ;; This function is called by:
   504 ;;		_main
   505 ;; This function uses a non-reentrant model
   506 ;;
   507                           
   508                           
   509                           ;psect for function _button_pressed
   510  072E                     _button_pressed:	
   511                           
   512                           ;led_functions.c: 55: if (PORTAbits.RA0==1)
   513                           
   514                           ;incstack = 0
   515                           ; Regs used in _button_pressed: [wreg+status,2]
   516  072E  1283               	bcf	3,5	;RP0=0, select bank0
   517  072F  1303               	bcf	3,6	;RP1=0, select bank0
   518  0730  1C05               	btfss	5,0	;volatile
   519  0731  2F37               	goto	l598
   520                           
   521                           ;led_functions.c: 56: {
   522                           ;led_functions.c: 57: return 1;}
   523  0732  3001               	movlw	1
   524  0733  00F0               	movwf	?_button_pressed
   525  0734  3000               	movlw	0
   526  0735  00F1               	movwf	?_button_pressed+1
   527  0736  0008               	return
   528  0737                     l598:	
   529                           
   530                           ;led_functions.c: 58: else
   531                           ;led_functions.c: 59: {
   532                           ;led_functions.c: 60: return 0;
   533  0737  01F0               	clrf	?_button_pressed
   534  0738  01F1               	clrf	?_button_pressed+1
   535  0739  0008               	return
   536  073A                     __end_of_button_pressed:	
   537                           
   538                           	psect	text3
   539  075B                     __ptext3:	
   540 ;; *************** function _blinking_leds *****************
   541 ;; Defined at:
   542 ;;		line 31 in file "led_functions.c"
   543 ;; Parameters:    Size  Location     Type
   544 ;;		None
   545 ;; Auto vars:     Size  Location     Type
   546 ;;		None
   547 ;; Return value:  Size  Location     Type
   548 ;;                  1    wreg      void 
   549 ;; Registers used:
   550 ;;		wreg
   551 ;; Tracked objects:
   552 ;;		On entry : 0/0
   553 ;;		On exit  : 0/0
   554 ;;		Unchanged: 0/0
   555 ;; Data sizes:     COMMON   BANK0   BANK1   BANK2
   556 ;;      Params:         0       0       0       0
   557 ;;      Locals:         0       0       0       0
   558 ;;      Temps:          3       0       0       0
   559 ;;      Totals:         3       0       0       0
   560 ;;Total ram usage:        3 bytes
   561 ;; Hardware stack levels used:    1
   562 ;; This function calls:
   563 ;;		Nothing
   564 ;; This function is called by:
   565 ;;		_main
   566 ;; This function uses a non-reentrant model
   567 ;;
   568                           
   569                           
   570                           ;psect for function _blinking_leds
   571  075B                     _blinking_leds:	
   572                           
   573                           ;led_functions.c: 33: PORTBbits.RB0=1;
   574                           
   575                           ;incstack = 0
   576                           ; Regs used in _blinking_leds: [wreg]
   577  075B  1283               	bcf	3,5	;RP0=0, select bank0
   578  075C  1303               	bcf	3,6	;RP1=0, select bank0
   579  075D  1406               	bsf	6,0	;volatile
   580                           
   581                           ;led_functions.c: 34: PORTBbits.RB2=1;
   582  075E  1506               	bsf	6,2	;volatile
   583                           
   584                           ;led_functions.c: 35: PORTBbits.RB4=1;
   585  075F  1606               	bsf	6,4	;volatile
   586                           
   587                           ;led_functions.c: 36: _delay((unsigned long)((1000)*(4000000/4000.0)));
   588  0760  3006               	movlw	6
   589  0761  00F2               	movwf	??_blinking_leds+2
   590  0762  3013               	movlw	19
   591  0763  00F1               	movwf	??_blinking_leds+1
   592  0764  30AD               	movlw	173
   593  0765  00F0               	movwf	??_blinking_leds
   594  0766                     u137:	
   595  0766  0BF0               	decfsz	??_blinking_leds,f
   596  0767  2F66               	goto	u137
   597  0768  0BF1               	decfsz	??_blinking_leds+1,f
   598  0769  2F66               	goto	u137
   599  076A  0BF2               	decfsz	??_blinking_leds+2,f
   600  076B  2F66               	goto	u137
   601  076C  2F6D               	nop2
   602                           
   603                           ;led_functions.c: 37: PORTBbits.RB0=0;
   604  076D  1283               	bcf	3,5	;RP0=0, select bank0
   605  076E  1303               	bcf	3,6	;RP1=0, select bank0
   606  076F  1006               	bcf	6,0	;volatile
   607                           
   608                           ;led_functions.c: 38: PORTBbits.RB2=0;
   609  0770  1106               	bcf	6,2	;volatile
   610                           
   611                           ;led_functions.c: 39: PORTBbits.RB4=0;
   612  0771  1206               	bcf	6,4	;volatile
   613                           
   614                           ;led_functions.c: 40: _delay((unsigned long)((1000)*(4000000/4000.0)));
   615  0772  3006               	movlw	6
   616  0773  00F2               	movwf	??_blinking_leds+2
   617  0774  3013               	movlw	19
   618  0775  00F1               	movwf	??_blinking_leds+1
   619  0776  30AD               	movlw	173
   620  0777  00F0               	movwf	??_blinking_leds
   621  0778                     u147:	
   622  0778  0BF0               	decfsz	??_blinking_leds,f
   623  0779  2F78               	goto	u147
   624  077A  0BF1               	decfsz	??_blinking_leds+1,f
   625  077B  2F78               	goto	u147
   626  077C  0BF2               	decfsz	??_blinking_leds+2,f
   627  077D  2F78               	goto	u147
   628  077E  2F7F               	nop2
   629                           
   630                           ;led_functions.c: 41: PORTBbits.RB1=1;
   631  077F  1283               	bcf	3,5	;RP0=0, select bank0
   632  0780  1303               	bcf	3,6	;RP1=0, select bank0
   633  0781  1486               	bsf	6,1	;volatile
   634                           
   635                           ;led_functions.c: 42: PORTBbits.RB3=1;
   636  0782  1586               	bsf	6,3	;volatile
   637                           
   638                           ;led_functions.c: 43: PORTBbits.RB5=1;
   639  0783  1686               	bsf	6,5	;volatile
   640                           
   641                           ;led_functions.c: 44: _delay((unsigned long)((1000)*(4000000/4000.0)));
   642  0784  3006               	movlw	6
   643  0785  00F2               	movwf	??_blinking_leds+2
   644  0786  3013               	movlw	19
   645  0787  00F1               	movwf	??_blinking_leds+1
   646  0788  30AD               	movlw	173
   647  0789  00F0               	movwf	??_blinking_leds
   648  078A                     u157:	
   649  078A  0BF0               	decfsz	??_blinking_leds,f
   650  078B  2F8A               	goto	u157
   651  078C  0BF1               	decfsz	??_blinking_leds+1,f
   652  078D  2F8A               	goto	u157
   653  078E  0BF2               	decfsz	??_blinking_leds+2,f
   654  078F  2F8A               	goto	u157
   655  0790  2F91               	nop2
   656                           
   657                           ;led_functions.c: 45: PORTBbits.RB1=0;
   658  0791  1283               	bcf	3,5	;RP0=0, select bank0
   659  0792  1303               	bcf	3,6	;RP1=0, select bank0
   660  0793  1086               	bcf	6,1	;volatile
   661                           
   662                           ;led_functions.c: 46: PORTBbits.RB3=0;
   663  0794  1186               	bcf	6,3	;volatile
   664                           
   665                           ;led_functions.c: 47: PORTBbits.RB5=0;
   666  0795  1286               	bcf	6,5	;volatile
   667  0796  0008               	return
   668  0797                     __end_of_blinking_leds:	
   669                           ;led_functions.c: 48: return ;
   670                           
   671  007E                     btemp	set	126	;btemp
   672  007E                     wtemp0	set	126


Data Sizes:
    Strings     0
    Constant    0
    Data        0
    BSS         0
    Persistent  0
    Stack       0

Auto Spaces:
    Space          Size  Autos    Used
    COMMON           14      5       5
    BANK0            80      0       0
    BANK1            80      0       0
    BANK2            48      0       0

Pointer List with Targets:

    None.

Critical Paths under _main in COMMON

    _main->_blinking_leds
    _main->_running_leds_forward

Critical Paths under _main in BANK0

    None.

Critical Paths under _main in BANK1

    None.

Critical Paths under _main in BANK2

    None.

Call Graph Tables:

 ---------------------------------------------------------------------------------
 (Depth) Function   	        Calls       Base Space   Used Autos Params    Refs
 ---------------------------------------------------------------------------------
 (0) _main                                                 2     2      0      24
                                              3 COMMON     2     2      0
                      _blinking_leds
                     _button_pressed
               _running_leds_forward
 ---------------------------------------------------------------------------------
 (1) _running_leds_forward                                 3     3      0       0
                                              0 COMMON     3     3      0
 ---------------------------------------------------------------------------------
 (1) _button_pressed                                       2     0      2       0
                                              0 COMMON     2     0      2
 ---------------------------------------------------------------------------------
 (1) _blinking_leds                                        3     3      0       0
                                              0 COMMON     3     3      0
 ---------------------------------------------------------------------------------
 Estimated maximum stack depth 1
 ---------------------------------------------------------------------------------

 Call Graph Graphs:

 _main (ROOT)
   _blinking_leds
   _button_pressed
   _running_leds_forward

 Address spaces:
Name               Size   Autos  Total    Cost      Usage
BITCOMMON            E      0       0       0        0.0%
EEDATA              80      0       0       0        0.0%
NULL                 0      0       0       0        0.0%
CODE                 0      0       0       0        0.0%
COMMON               E      5       5       1       35.7%
BITSFR0              0      0       0       1        0.0%
SFR0                 0      0       0       1        0.0%
BITSFR1              0      0       0       2        0.0%
SFR1                 0      0       0       2        0.0%
STACK                0      0       0       2        0.0%
BANK0               50      0       0       3        0.0%
BITSFR3              0      0       0       4        0.0%
SFR3                 0      0       0       4        0.0%
ABS                  0      0       0       4        0.0%
BITBANK0            50      0       0       5        0.0%
BITSFR2              0      0       0       5        0.0%
SFR2                 0      0       0       5        0.0%
BITBANK1            50      0       0       6        0.0%
BANK1               50      0       0       7        0.0%
BITBANK2            30      0       0       8        0.0%
BANK2               30      0       0       9        0.0%
DATA                 0      0       0      10        0.0%


Microchip Technology PIC Macro Assembler V1.44 build -154322312 
Symbol Table                                                                                   Mon Jan 17 20:12:27 2022

                  __CFG_CP$OFF 0000                             u77 07A1                             u87 07B2  
                           u97 07C3                            l620 074A                            l624 0753  
                          l628 0759                            l598 0737                            u107 07D4  
                          u117 07E5                            u127 07F6                            u137 0766  
                          u147 0778                            u157 078A                   __CFG_CPD$OFF 0000  
             ??_button_pressed 0072                   __CFG_LVP$OFF 0000                           _main 073A  
                         btemp 007E                           start 0000                          ?_main 0070  
                __CFG_WDTE$OFF 0000                          _TRISA 0085                 __CFG_BOREN$OFF 0000  
                        status 0003                          wtemp0 007E                 __CFG_MCLRE$OFF 0000  
              __initialization 07FE                   __end_of_main 075B                         ??_main 0073  
               __CFG_PWRTE$OFF 0000        __end_of__initialization 07FE                 __pcstackCOMMON 0070  
 __end_of_running_leds_forward 07FE          __end_of_blinking_leds 0797                     __pmaintext 073A  
                    _CMCONbits 001F                        __ptext1 0797                        __ptext2 072E  
                      __ptext3 075B           end_of_initialization 07FE           _running_leds_forward 0797  
      __size_of_button_pressed 000C                      _PORTAbits 0005                      _PORTBbits 0006  
                    _TRISBbits 0086          ?_running_leds_forward 0070            start_initialization 07FE  
                    ___latbits 0000         ??_running_leds_forward 0070                 _button_pressed 072E  
       __size_of_blinking_leds 003C         __end_of_button_pressed 073A                      main@blink 0073  
                _blinking_leds 075B                ?_button_pressed 0070                 ?_blinking_leds 0070  
                __size_of_main 0021                ??_blinking_leds 0070            __CFG_FOSC$INTOSCCLK 0000  
__size_of_running_leds_forward 0067  
